Flat profile:

Each sample counts as 0.01 seconds.
  %   cumulative   self              self     total           
 time   seconds   seconds    calls  ms/call  ms/call  name    
100.00      0.03     0.03        1    30.00    30.00  gaussian_smooth
  0.00      0.03     0.00        2     0.00     0.00  follow_edges
  0.00      0.03     0.00        1     0.00     0.00  apply_hysteresis
  0.00      0.03     0.00        1     0.00    30.00  canny
  0.00      0.03     0.00        1     0.00     0.00  derrivative_x_y
  0.00      0.03     0.00        1     0.00     0.00  initTimer
  0.00      0.03     0.00        1     0.00     0.00  make_gaussian_kernel
  0.00      0.03     0.00        1     0.00     0.00  non_max_supp
  0.00      0.03     0.00        1     0.00     0.00  printTimer
  0.00      0.03     0.00        1     0.00     0.00  read_pgm_image
  0.00      0.03     0.00        1     0.00     0.00  startTimer
  0.00      0.03     0.00        1     0.00     0.00  stopTimer
  0.00      0.03     0.00        1     0.00     0.00  write_pgm_image

			Call graph


granularity: each sample hit covers 4 byte(s) for 33.33% of 0.03 seconds

index % time    self  children    called     name
                0.00    0.03       1/1           main [3]
[1]    100.0    0.00    0.03       1         canny [1]
                0.03    0.00       1/1           gaussian_smooth [2]
                0.00    0.00       1/1           derrivative_x_y [6]
                0.00    0.00       1/1           non_max_supp [9]
                0.00    0.00       1/1           apply_hysteresis [5]
-----------------------------------------------
                0.03    0.00       1/1           canny [1]
[2]    100.0    0.03    0.00       1         gaussian_smooth [2]
                0.00    0.00       1/1           make_gaussian_kernel [8]
-----------------------------------------------
                                                 <spontaneous>
[3]    100.0    0.00    0.03                 main [3]
                0.00    0.03       1/1           canny [1]
                0.00    0.00       1/1           initTimer [7]
                0.00    0.00       1/1           read_pgm_image [11]
                0.00    0.00       1/1           startTimer [12]
                0.00    0.00       1/1           stopTimer [13]
                0.00    0.00       1/1           printTimer [10]
                0.00    0.00       1/1           write_pgm_image [14]
-----------------------------------------------
                                  80             follow_edges [4]
                0.00    0.00       2/2           apply_hysteresis [5]
[4]      0.0    0.00    0.00       2+80      follow_edges [4]
                                  80             follow_edges [4]
-----------------------------------------------
                0.00    0.00       1/1           canny [1]
[5]      0.0    0.00    0.00       1         apply_hysteresis [5]
                0.00    0.00       2/2           follow_edges [4]
-----------------------------------------------
                0.00    0.00       1/1           canny [1]
[6]      0.0    0.00    0.00       1         derrivative_x_y [6]
-----------------------------------------------
                0.00    0.00       1/1           main [3]
[7]      0.0    0.00    0.00       1         initTimer [7]
-----------------------------------------------
                0.00    0.00       1/1           gaussian_smooth [2]
[8]      0.0    0.00    0.00       1         make_gaussian_kernel [8]
-----------------------------------------------
                0.00    0.00       1/1           canny [1]
[9]      0.0    0.00    0.00       1         non_max_supp [9]
-----------------------------------------------
                0.00    0.00       1/1           main [3]
[10]     0.0    0.00    0.00       1         printTimer [10]
-----------------------------------------------
                0.00    0.00       1/1           main [3]
[11]     0.0    0.00    0.00       1         read_pgm_image [11]
-----------------------------------------------
                0.00    0.00       1/1           main [3]
[12]     0.0    0.00    0.00       1         startTimer [12]
-----------------------------------------------
                0.00    0.00       1/1           main [3]
[13]     0.0    0.00    0.00       1         stopTimer [13]
-----------------------------------------------
                0.00    0.00       1/1           main [3]
[14]     0.0    0.00    0.00       1         write_pgm_image [14]
-----------------------------------------------

Index by function name

   [5] apply_hysteresis        [7] initTimer              [12] startTimer
   [1] canny                   [8] make_gaussian_kernel   [13] stopTimer
   [6] derrivative_x_y         [9] non_max_supp           [14] write_pgm_image
   [4] follow_edges           [10] printTimer
   [2] gaussian_smooth        [11] read_pgm_image
